# JRE version: OpenJDK Runtime Environment (8.0_152-b01) (build 1.8.0_152-release-915-b01)
# Java VM: OpenJDK 64-Bit Server VM (25.152-b01 mixed mode windows-amd64 compressed oops)
Heap:
 PSYoungGen      total 218624K, used 193804K [0x00000000e0000000, 0x00000000f4800000, 0x0000000100000000)
  eden space 152576K, 99% used [0x00000000e0000000,0x00000000e94db8c8,0x00000000e9500000)
  from space 66048K, 62% used [0x00000000e9500000,0x00000000ebd67858,0x00000000ed580000)
  to   space 67584K, 0% used [0x00000000f0600000,0x00000000f0600000,0x00000000f4800000)
 ParOldGen       total 236544K, used 101933K [0x00000000a0000000, 0x00000000ae700000, 0x00000000e0000000)
  object space 236544K, 43% used [0x00000000a0000000,0x00000000a638b690,0x00000000ae700000)
 Metaspace       used 61320K, capacity 62419K, committed 62896K, reserved 1103872K
  class space    used 7422K, capacity 7789K, committed 7856K, reserved 1048576K
GC Heap History (10 events):
Event: 10.713 GC heap before
{Heap before GC invocations=13 (full 3):
 PSYoungGen      total 109568K, used 109554K [0x00000000e0000000, 0x00000000ed800000, 0x0000000100000000)
  eden space 83456K, 100% used [0x00000000e0000000,0x00000000e5180000,0x00000000e5180000)
  from space 26112K, 99% used [0x00000000e5180000,0x00000000e6afc910,0x00000000e6b00000)
  to   space 45568K, 0% used [0x00000000eab80000,0x00000000eab80000,0x00000000ed800000)
 ParOldGen       total 121856K, used 79046K [0x00000000a0000000, 0x00000000a7700000, 0x00000000e0000000)
  object space 121856K, 64% used [0x00000000a0000000,0x00000000a4d31940,0x00000000a7700000)
 Metaspace       used 51583K, capacity 52401K, committed 52784K, reserved 1095680K
  class space    used 6406K, capacity 6650K, committed 6704K, reserved 1048576K
Event: 10.742 GC heap after
Heap after GC invocations=13 (full 3):
 PSYoungGen      total 146432K, used 35810K [0x00000000e0000000, 0x00000000ece80000, 0x0000000100000000)
  eden space 110592K, 0% used [0x00000000e0000000,0x00000000e0000000,0x00000000e6c00000)
  from space 35840K, 99% used [0x00000000eab80000,0x00000000ece789e8,0x00000000ece80000)
  to   space 49664K, 0% used [0x00000000e6d80000,0x00000000e6d80000,0x00000000e9e00000)
 ParOldGen       total 121856K, used 79054K [0x00000000a0000000, 0x00000000a7700000, 0x00000000e0000000)
  object space 121856K, 64% used [0x00000000a0000000,0x00000000a4d33940,0x00000000a7700000)
 Metaspace       used 51583K, capacity 52401K, committed 52784K, reserved 1095680K
  class space    used 6406K, capacity 6650K, committed 6704K, reserved 1048576K
}
Event: 11.280 GC heap before
{Heap before GC invocations=14 (full 3):
 PSYoungGen      total 146432K, used 146402K [0x00000000e0000000, 0x00000000ece80000, 0x0000000100000000)
  eden space 110592K, 100% used [0x00000000e0000000,0x00000000e6c00000,0x00000000e6c00000)
  from space 35840K, 99% used [0x00000000eab80000,0x00000000ece789e8,0x00000000ece80000)
  to   space 49664K, 0% used [0x00000000e6d80000,0x00000000e6d80000,0x00000000e9e00000)
 ParOldGen       total 121856K, used 79054K [0x00000000a0000000, 0x00000000a7700000, 0x00000000e0000000)
  object space 121856K, 64% used [0x00000000a0000000,0x00000000a4d33940,0x00000000a7700000)
 Metaspace       used 52550K, capacity 53233K, committed 53680K, reserved 1095680K
  class space    used 6488K, capacity 6714K, committed 6832K, reserved 1048576K
Event: 11.340 GC heap after
Heap after GC invocations=14 (full 3):
 PSYoungGen      total 161792K, used 49655K [0x00000000e0000000, 0x00000000f1f00000, 0x0000000100000000)
  eden space 112128K, 0% used [0x00000000e0000000,0x00000000e0000000,0x00000000e6d80000)
  from space 49664K, 99% used [0x00000000e6d80000,0x00000000e9dfdc70,0x00000000e9e00000)
  to   space 69632K, 0% used [0x00000000edb00000,0x00000000edb00000,0x00000000f1f00000)
 ParOldGen       total 121856K, used 112146K [0x00000000a0000000, 0x00000000a7700000, 0x00000000e0000000)
  object space 121856K, 92% used [0x00000000a0000000,0x00000000a6d84a10,0x00000000a7700000)
 Metaspace       used 52550K, capacity 53233K, committed 53680K, reserved 1095680K
  class space    used 6488K, capacity 6714K, committed 6832K, reserved 1048576K
}
Event: 11.340 GC heap before
{Heap before GC invocations=15 (full 4):
 PSYoungGen      total 161792K, used 49655K [0x00000000e0000000, 0x00000000f1f00000, 0x0000000100000000)
  eden space 112128K, 0% used [0x00000000e0000000,0x00000000e0000000,0x00000000e6d80000)
  from space 49664K, 99% used [0x00000000e6d80000,0x00000000e9dfdc70,0x00000000e9e00000)
  to   space 69632K, 0% used [0x00000000edb00000,0x00000000edb00000,0x00000000f1f00000)
 ParOldGen       total 121856K, used 112146K [0x00000000a0000000, 0x00000000a7700000, 0x00000000e0000000)
  object space 121856K, 92% used [0x00000000a0000000,0x00000000a6d84a10,0x00000000a7700000)
 Metaspace       used 52550K, capacity 53233K, committed 53680K, reserved 1095680K
  class space    used 6488K, capacity 6714K, committed 6832K, reserved 1048576K
Event: 11.572 GC heap after
Heap after GC invocations=15 (full 4):
 PSYoungGen      total 161792K, used 0K [0x00000000e0000000, 0x00000000f1f00000, 0x0000000100000000)
  eden space 112128K, 0% used [0x00000000e0000000,0x00000000e0000000,0x00000000e6d80000)
  from space 49664K, 0% used [0x00000000e6d80000,0x00000000e6d80000,0x00000000e9e00000)
  to   space 69632K, 0% used [0x00000000edb00000,0x00000000edb00000,0x00000000f1f00000)
 ParOldGen       total 236544K, used 101925K [0x00000000a0000000, 0x00000000ae700000, 0x00000000e0000000)
  object space 236544K, 43% used [0x00000000a0000000,0x00000000a6389690,0x00000000ae700000)
 Metaspace       used 52395K, capacity 53049K, committed 53680K, reserved 1095680K
  class space    used 6473K, capacity 6674K, committed 6832K, reserved 1048576K
}
Event: 12.058 GC heap before
{Heap before GC invocations=16 (full 4):
 PSYoungGen      total 161792K, used 112128K [0x00000000e0000000, 0x00000000f1f00000, 0x0000000100000000)
  eden space 112128K, 100% used [0x00000000e0000000,0x00000000e6d80000,0x00000000e6d80000)
  from space 49664K, 0% used [0x00000000e6d80000,0x00000000e6d80000,0x00000000e9e00000)
  to   space 69632K, 0% used [0x00000000edb00000,0x00000000edb00000,0x00000000f1f00000)
 ParOldGen       total 236544K, used 101925K [0x00000000a0000000, 0x00000000ae700000, 0x00000000e0000000)
  object space 236544K, 43% used [0x00000000a0000000,0x00000000a6389690,0x00000000ae700000)
 Metaspace       used 52458K, capacity 53177K, committed 53680K, reserved 1095680K
  class space    used 6476K, capacity 6674K, committed 6832K, reserved 1048576K
Event: 12.076 GC heap after
Heap after GC invocations=16 (full 4):
 PSYoungGen      total 212992K, used 23408K [0x00000000e0000000, 0x00000000f1600000, 0x0000000100000000)
  eden space 152576K, 0% used [0x00000000e0000000,0x00000000e0000000,0x00000000e9500000)
  from space 60416K, 38% used [0x00000000edb00000,0x00000000ef1dc168,0x00000000f1600000)
  to   space 66048K, 0% used [0x00000000e9500000,0x00000000e9500000,0x00000000ed580000)
 ParOldGen       total 236544K, used 101925K [0x00000000a0000000, 0x00000000ae700000, 0x00000000e0000000)
  object space 236544K, 43% used [0x00000000a0000000,0x00000000a6389690,0x00000000ae700000)
 Metaspace       used 52458K, capacity 53177K, committed 53680K, reserved 1095680K
  class space    used 6476K, capacity 6674K, committed 6832K, reserved 1048576K
}
Event: 105.354 GC heap before
{Heap before GC invocations=17 (full 4):
 PSYoungGen      total 212992K, used 175984K [0x00000000e0000000, 0x00000000f1600000, 0x0000000100000000)
  eden space 152576K, 100% used [0x00000000e0000000,0x00000000e9500000,0x00000000e9500000)
  from space 60416K, 38% used [0x00000000edb00000,0x00000000ef1dc168,0x00000000f1600000)
  to   space 66048K, 0% used [0x00000000e9500000,0x00000000e9500000,0x00000000ed580000)
 ParOldGen       total 236544K, used 101925K [0x00000000a0000000, 0x00000000ae700000, 0x00000000e0000000)
  object space 236544K, 43% used [0x00000000a0000000,0x00000000a6389690,0x00000000ae700000)
 Metaspace       used 60023K, capacity 60983K, committed 61488K, reserved 1103872K
  class space    used 7300K, capacity 7641K, committed 7728K, reserved 1048576K
Event: 105.386 GC heap after
Heap after GC invocations=17 (full 4):
 PSYoungGen      total 218624K, used 41374K [0x00000000e0000000, 0x00000000f4800000, 0x0000000100000000)
  eden space 152576K, 0% used [0x00000000e0000000,0x00000000e0000000,0x00000000e9500000)
  from space 66048K, 62% used [0x00000000e9500000,0x00000000ebd67858,0x00000000ed580000)
  to   space 67584K, 0% used [0x00000000f0600000,0x00000000f0600000,0x00000000f4800000)
 ParOldGen       total 236544K, used 101933K [0x00000000a0000000, 0x00000000ae700000, 0x00000000e0000000)
  object space 236544K, 43% used [0x00000000a0000000,0x00000000a638b690,0x00000000ae700000)
 Metaspace       used 60023K, capacity 60983K, committed 61488K, reserved 1103872K
  class space    used 7300K, capacity 7641K, committed 7728K, reserved 1048576K
}

